2024-05-12T15:27:23.925+08:00  INFO 11216 --- [springboot-log] [main] c.t.s.SpringbootLogApplication           : Starting SpringbootLogApplication using Java 17 with PID 11216 (D:\projects\practice\springboot-log\target\classes started by 22212 in D:\projects\practice)
2024-05-12T15:27:23.927+08:00  INFO 11216 --- [springboot-log] [main] c.t.s.SpringbootLogApplication           : No active profile set, falling back to 1 default profile: "default"
2024-05-12T15:27:24.367+08:00  INFO 11216 --- [springboot-log] [main] o.s.b.w.embedded.tomcat.TomcatWebServer  : Tomcat initialized with port 8080 (http)
2024-05-12T15:27:24.374+08:00  INFO 11216 --- [springboot-log] [main] o.apache.catalina.core.StandardService   : Starting service [Tomcat]
2024-05-12T15:27:24.375+08:00  INFO 11216 --- [springboot-log] [main] o.apache.catalina.core.StandardEngine    : Starting Servlet engine: [Apache Tomcat/10.1.20]
2024-05-12T15:27:24.402+08:00  INFO 11216 --- [springboot-log] [main] o.a.c.c.C.[Tomcat].[localhost].[/]       : Initializing Spring embedded WebApplicationContext
2024-05-12T15:27:24.403+08:00  INFO 11216 --- [springboot-log] [main] w.s.c.ServletWebServerApplicationContext : Root WebApplicationContext: initialization completed in 445 ms
2024-05-12T15:27:24.587+08:00  WARN 11216 --- [springboot-log] [main] ConfigServletWebServerApplicationContext : Exception encountered during context initialization - cancelling refresh attempt: org.springframework.context.ApplicationContextException: Failed to start bean 'webServerStartStop'
2024-05-12T15:27:24.596+08:00  INFO 11216 --- [springboot-log] [main] .s.b.a.l.ConditionEvaluationReportLogger : 

Error starting ApplicationContext. To display the condition evaluation report re-run your application with 'debug' enabled.
2024-05-12T15:27:24.604+08:00 ERROR 11216 --- [springboot-log] [main] o.s.b.d.LoggingFailureAnalysisReporter   : 

***************************
APPLICATION FAILED TO START
***************************

Description:

Web server failed to start. Port 8080 was already in use.

Action:

Identify and stop the process that's listening on port 8080 or configure this application to listen on another port.

2024-05-12T15:27:38.914+08:00  INFO 1372 --- [springboot-log] [main] c.t.s.SpringbootLogApplication           : Starting SpringbootLogApplication using Java 17 with PID 1372 (D:\projects\practice\springboot-log\target\classes started by 22212 in D:\projects\practice)
2024-05-12T15:27:38.915+08:00  INFO 1372 --- [springboot-log] [main] c.t.s.SpringbootLogApplication           : No active profile set, falling back to 1 default profile: "default"
2024-05-12T15:27:39.351+08:00  INFO 1372 --- [springboot-log] [main] o.s.b.w.embedded.tomcat.TomcatWebServer  : Tomcat initialized with port 8080 (http)
2024-05-12T15:27:39.357+08:00  INFO 1372 --- [springboot-log] [main] o.apache.catalina.core.StandardService   : Starting service [Tomcat]
2024-05-12T15:27:39.357+08:00  INFO 1372 --- [springboot-log] [main] o.apache.catalina.core.StandardEngine    : Starting Servlet engine: [Apache Tomcat/10.1.20]
2024-05-12T15:27:39.385+08:00  INFO 1372 --- [springboot-log] [main] o.a.c.c.C.[Tomcat].[localhost].[/]       : Initializing Spring embedded WebApplicationContext
2024-05-12T15:27:39.385+08:00  INFO 1372 --- [springboot-log] [main] w.s.c.ServletWebServerApplicationContext : Root WebApplicationContext: initialization completed in 444 ms
2024-05-12T15:27:39.579+08:00  INFO 1372 --- [springboot-log] [main] o.s.b.w.embedded.tomcat.TomcatWebServer  : Tomcat started on port 8080 (http) with context path ''
2024-05-12T15:27:39.586+08:00  INFO 1372 --- [springboot-log] [main] c.t.s.SpringbootLogApplication           : Started SpringbootLogApplication in 0.909 seconds (process running for 1.18)
